[2020-12-04 22:19:48,726] [p5257] [train.py:84] [INFO] workers: 6
[2020-12-04 22:19:48,726] [p5257] [train.py:84] [INFO] epochs: 40
[2020-12-04 22:19:48,726] [p5257] [train.py:84] [INFO] start_epoch: 1
[2020-12-04 22:19:48,726] [p5257] [train.py:84] [INFO] batch_size: 128
[2020-12-04 22:19:48,726] [p5257] [train.py:84] [INFO] val_batch_size: 32
[2020-12-04 22:19:48,726] [p5257] [train.py:84] [INFO] base_lr: 0.001
[2020-12-04 22:19:48,726] [p5257] [train.py:84] [INFO] momentum: 0.9
[2020-12-04 22:19:48,726] [p5257] [train.py:84] [INFO] weight_decay: 0.0005
[2020-12-04 22:19:48,726] [p5257] [train.py:84] [INFO] print_freq: 20
[2020-12-04 22:19:48,726] [p5257] [train.py:84] [INFO] resume: 
[2020-12-04 22:19:48,726] [p5257] [train.py:84] [INFO] devices_id: [0, 1]
[2020-12-04 22:19:48,726] [p5257] [train.py:84] [INFO] filelists_train: 
[2020-12-04 22:19:48,726] [p5257] [train.py:84] [INFO] filelists_val: 
[2020-12-04 22:19:48,726] [p5257] [train.py:84] [INFO] root: 
[2020-12-04 22:19:48,726] [p5257] [train.py:84] [INFO] snapshot: 
[2020-12-04 22:19:48,726] [p5257] [train.py:84] [INFO] log_file: output.log
[2020-12-04 22:19:48,726] [p5257] [train.py:84] [INFO] log_mode: w
[2020-12-04 22:19:48,726] [p5257] [train.py:84] [INFO] size_average: True
[2020-12-04 22:19:48,726] [p5257] [train.py:84] [INFO] num_classes: 62
[2020-12-04 22:19:48,726] [p5257] [train.py:84] [INFO] arch: mobilenet_1
[2020-12-04 22:19:48,726] [p5257] [train.py:84] [INFO] frozen: False
[2020-12-04 22:19:48,726] [p5257] [train.py:84] [INFO] milestones: [15, 25, 30]
[2020-12-04 22:19:48,726] [p5257] [train.py:84] [INFO] task: all
[2020-12-04 22:19:48,727] [p5257] [train.py:84] [INFO] test_initial: False
[2020-12-04 22:19:48,727] [p5257] [train.py:84] [INFO] warmup: -1
[2020-12-04 22:19:48,727] [p5257] [train.py:84] [INFO] param_fp_train: 
[2020-12-04 22:19:48,727] [p5257] [train.py:84] [INFO] param_fp_val: 
[2020-12-04 22:19:48,727] [p5257] [train.py:84] [INFO] opt_style: resample
[2020-12-04 22:19:48,727] [p5257] [train.py:84] [INFO] resample_num: 132
[2020-12-04 22:19:48,727] [p5257] [train.py:84] [INFO] loss: vdc
[2020-12-04 22:19:51,121] [p5257] [train.py:210] [INFO] Use VDC Loss
